Copyright 1986-2022 Xilinx, Inc. All Rights Reserved. Copyright 2022-2023 Advanced Micro Devices, Inc. All Rights Reserved.
------------------------------------------------------------------------------------------------------------------------------------------------------------------------------------------------------------------------
| Tool Version : Vivado v.2023.2 (win64) Build 4029153 Fri Oct 13 20:14:34 MDT 2023
| Date         : Fri May 17 20:32:33 2024
| Host         : DESKTOP-U80REAT running 64-bit major release  (build 9200)
| Command      : report_timing_summary -max_paths 10 -report_unconstrained -file afisare_1_timing_summary_routed.rpt -pb afisare_1_timing_summary_routed.pb -rpx afisare_1_timing_summary_routed.rpx -warn_on_violation
| Design       : afisare_1
| Device       : 7a100t-csg324
| Speed File   : -1  PRODUCTION 1.23 2018-06-13
| Design State : Routed
------------------------------------------------------------------------------------------------------------------------------------------------------------------------------------------------------------------------

Timing Summary Report

------------------------------------------------------------------------------------------------
| Timer Settings
| --------------
------------------------------------------------------------------------------------------------

  Enable Multi Corner Analysis               :  Yes
  Enable Pessimism Removal                   :  Yes
  Pessimism Removal Resolution               :  Nearest Common Node
  Enable Input Delay Default Clock           :  No
  Enable Preset / Clear Arcs                 :  No
  Disable Flight Delays                      :  No
  Ignore I/O Paths                           :  No
  Timing Early Launch at Borrowing Latches   :  No
  Borrow Time for Max Delay Exceptions       :  Yes
  Merge Timing Exceptions                    :  Yes
  Inter-SLR Compensation                     :  Conservative

  Corner  Analyze    Analyze    
  Name    Max Paths  Min Paths  
  ------  ---------  ---------  
  Slow    Yes        Yes        
  Fast    Yes        Yes        


------------------------------------------------------------------------------------------------
| Report Methodology
| ------------------
------------------------------------------------------------------------------------------------

Rule       Severity          Description                  Violations  
---------  ----------------  ---------------------------  ----------  
TIMING-17  Critical Warning  Non-clocked sequential cell  17          

Note: This report is based on the most recent report_methodology run and may not be up-to-date. Run report_methodology on the current design for the latest report.



check_timing report

Table of Contents
-----------------
1. checking no_clock (17)
2. checking constant_clock (0)
3. checking pulse_width_clock (0)
4. checking unconstrained_internal_endpoints (34)
5. checking no_input_delay (0)
6. checking no_output_delay (15)
7. checking multiple_clock (0)
8. checking generated_clocks (0)
9. checking loops (0)
10. checking partial_input_delay (0)
11. checking partial_output_delay (0)
12. checking latch_loops (0)

1. checking no_clock (17)
-------------------------
 There are 17 register/latch pins with no clock driven by root clock pin: clk (HIGH)


2. checking constant_clock (0)
------------------------------
 There are 0 register/latch pins with constant_clock.


3. checking pulse_width_clock (0)
---------------------------------
 There are 0 register/latch pins which need pulse_width check


4. checking unconstrained_internal_endpoints (34)
-------------------------------------------------
 There are 34 pins that are not constrained for maximum delay. (HIGH)

 There are 0 pins that are not constrained for maximum delay due to constant clock.


5. checking no_input_delay (0)
------------------------------
 There are 0 input ports with no input delay specified.

 There are 0 input ports with no input delay but user has a false path constraint.


6. checking no_output_delay (15)
--------------------------------
 There are 15 ports with no output delay specified. (HIGH)

 There are 0 ports with no output delay but user has a false path constraint

 There are 0 ports with no output delay but with a timing clock defined on it or propagating through it


7. checking multiple_clock (0)
------------------------------
 There are 0 register/latch pins with multiple clocks.


8. checking generated_clocks (0)
--------------------------------
 There are 0 generated clocks that are not connected to a clock source.


9. checking loops (0)
---------------------
 There are 0 combinational loops in the design.


10. checking partial_input_delay (0)
------------------------------------
 There are 0 input ports with partial input delay specified.


11. checking partial_output_delay (0)
-------------------------------------
 There are 0 ports with partial output delay specified.


12. checking latch_loops (0)
----------------------------
 There are 0 combinational latch loops in the design through latch input



------------------------------------------------------------------------------------------------
| Design Timing Summary
| ---------------------
------------------------------------------------------------------------------------------------

    WNS(ns)      TNS(ns)  TNS Failing Endpoints  TNS Total Endpoints      WHS(ns)      THS(ns)  THS Failing Endpoints  THS Total Endpoints     WPWS(ns)     TPWS(ns)  TPWS Failing Endpoints  TPWS Total Endpoints  
    -------      -------  ---------------------  -------------------      -------      -------  ---------------------  -------------------     --------     --------  ----------------------  --------------------  
        inf        0.000                      0                   49          inf        0.000                      0                   49           NA           NA                      NA                    NA  


There are no user specified timing constraints.


------------------------------------------------------------------------------------------------
| Clock Summary
| -------------
------------------------------------------------------------------------------------------------


------------------------------------------------------------------------------------------------
| Intra Clock Table
| -----------------
------------------------------------------------------------------------------------------------

Clock             WNS(ns)      TNS(ns)  TNS Failing Endpoints  TNS Total Endpoints      WHS(ns)      THS(ns)  THS Failing Endpoints  THS Total Endpoints     WPWS(ns)     TPWS(ns)  TPWS Failing Endpoints  TPWS Total Endpoints  
-----             -------      -------  ---------------------  -------------------      -------      -------  ---------------------  -------------------     --------     --------  ----------------------  --------------------  


------------------------------------------------------------------------------------------------
| Inter Clock Table
| -----------------
------------------------------------------------------------------------------------------------

From Clock    To Clock          WNS(ns)      TNS(ns)  TNS Failing Endpoints  TNS Total Endpoints      WHS(ns)      THS(ns)  THS Failing Endpoints  THS Total Endpoints  
----------    --------          -------      -------  ---------------------  -------------------      -------      -------  ---------------------  -------------------  


------------------------------------------------------------------------------------------------
| Other Path Groups Table
| -----------------------
------------------------------------------------------------------------------------------------

Path Group    From Clock    To Clock          WNS(ns)      TNS(ns)  TNS Failing Endpoints  TNS Total Endpoints      WHS(ns)      THS(ns)  THS Failing Endpoints  THS Total Endpoints  
----------    ----------    --------          -------      -------  ---------------------  -------------------      -------      -------  ---------------------  -------------------  


------------------------------------------------------------------------------------------------
| User Ignored Path Table
| -----------------------
------------------------------------------------------------------------------------------------

Path Group    From Clock    To Clock    
----------    ----------    --------    


------------------------------------------------------------------------------------------------
| Unconstrained Path Table
| ------------------------
------------------------------------------------------------------------------------------------

Path Group    From Clock    To Clock    
----------    ----------    --------    
(none)                                    


------------------------------------------------------------------------------------------------
| Timing Details
| --------------
------------------------------------------------------------------------------------------------


--------------------------------------------------------------------------------------
Path Group:  (none)
From Clock:  
  To Clock:  

Max Delay            49 Endpoints
Min Delay            49 Endpoints
--------------------------------------------------------------------------------------


Max Delay Paths
--------------------------------------------------------------------------------------
Slack:                    inf
  Source:                 cost[8]
                            (input port)
  Destination:            cat[3]
                            (output port)
  Path Group:             (none)
  Path Type:              Max at Slow Process Corner
  Data Path Delay:        13.957ns  (logic 5.010ns (35.897%)  route 8.947ns (64.103%))
  Logic Levels:           4  (IBUF=1 LUT4=1 LUT6=1 OBUF=1)

    Location             Delay type                Incr(ns)  Path(ns)    Netlist Resource(s)
  -------------------------------------------------------------------    -------------------
    T8                                                0.000     0.000 r  cost[8] (IN)
                         net (fo=0)                   0.000     0.000    cost[8]
    T8                   IBUF (Prop_ibuf_I_O)         0.982     0.982 r  cost_IBUF[8]_inst/O
                         net (fo=1, routed)           5.021     6.004    cost_IBUF[8]
    SLICE_X1Y75          LUT6 (Prop_lut6_I0_O)        0.124     6.128 r  cat_OBUF[6]_inst_i_4/O
                         net (fo=7, routed)           1.201     7.329    digit[0]
    SLICE_X0Y81          LUT4 (Prop_lut4_I3_O)        0.152     7.481 r  cat_OBUF[3]_inst_i_1/O
                         net (fo=1, routed)           2.724    10.205    cat_OBUF[3]
    K13                  OBUF (Prop_obuf_I_O)         3.752    13.957 r  cat_OBUF[3]_inst/O
                         net (fo=0)                   0.000    13.957    cat[3]
    K13                                                               r  cat[3] (OUT)
  -------------------------------------------------------------------    -------------------

Slack:                    inf
  Source:                 cost[8]
                            (input port)
  Destination:            cat[2]
                            (output port)
  Path Group:             (none)
  Path Type:              Max at Slow Process Corner
  Data Path Delay:        13.204ns  (logic 4.723ns (35.770%)  route 8.481ns (64.230%))
  Logic Levels:           4  (IBUF=1 LUT4=1 LUT6=1 OBUF=1)

    Location             Delay type                Incr(ns)  Path(ns)    Netlist Resource(s)
  -------------------------------------------------------------------    -------------------
    T8                                                0.000     0.000 f  cost[8] (IN)
                         net (fo=0)                   0.000     0.000    cost[8]
    T8                   IBUF (Prop_ibuf_I_O)         0.982     0.982 f  cost_IBUF[8]_inst/O
                         net (fo=1, routed)           5.021     6.004    cost_IBUF[8]
    SLICE_X1Y75          LUT6 (Prop_lut6_I0_O)        0.124     6.128 f  cat_OBUF[6]_inst_i_4/O
                         net (fo=7, routed)           1.201     7.329    digit[0]
    SLICE_X0Y81          LUT4 (Prop_lut4_I2_O)        0.124     7.453 r  cat_OBUF[2]_inst_i_1/O
                         net (fo=1, routed)           2.258     9.711    cat_OBUF[2]
    K16                  OBUF (Prop_obuf_I_O)         3.493    13.204 r  cat_OBUF[2]_inst/O
                         net (fo=0)                   0.000    13.204    cat[2]
    K16                                                               r  cat[2] (OUT)
  -------------------------------------------------------------------    -------------------

Slack:                    inf
  Source:                 cost[8]
                            (input port)
  Destination:            cat[0]
                            (output port)
  Path Group:             (none)
  Path Type:              Max at Slow Process Corner
  Data Path Delay:        13.166ns  (logic 5.035ns (38.243%)  route 8.131ns (61.757%))
  Logic Levels:           4  (IBUF=1 LUT4=1 LUT6=1 OBUF=1)

    Location             Delay type                Incr(ns)  Path(ns)    Netlist Resource(s)
  -------------------------------------------------------------------    -------------------
    T8                                                0.000     0.000 r  cost[8] (IN)
                         net (fo=0)                   0.000     0.000    cost[8]
    T8                   IBUF (Prop_ibuf_I_O)         0.982     0.982 r  cost_IBUF[8]_inst/O
                         net (fo=1, routed)           5.021     6.004    cost_IBUF[8]
    SLICE_X1Y75          LUT6 (Prop_lut6_I0_O)        0.124     6.128 r  cat_OBUF[6]_inst_i_4/O
                         net (fo=7, routed)           0.776     6.904    digit[0]
    SLICE_X0Y73          LUT4 (Prop_lut4_I1_O)        0.150     7.054 r  cat_OBUF[0]_inst_i_1/O
                         net (fo=1, routed)           2.333     9.387    cat_OBUF[0]
    T10                  OBUF (Prop_obuf_I_O)         3.779    13.166 r  cat_OBUF[0]_inst/O
                         net (fo=0)                   0.000    13.166    cat[0]
    T10                                                               r  cat[0] (OUT)
  -------------------------------------------------------------------    -------------------

Slack:                    inf
  Source:                 cost[8]
                            (input port)
  Destination:            cat[1]
                            (output port)
  Path Group:             (none)
  Path Type:              Max at Slow Process Corner
  Data Path Delay:        13.087ns  (logic 4.786ns (36.567%)  route 8.302ns (63.433%))
  Logic Levels:           4  (IBUF=1 LUT4=1 LUT6=1 OBUF=1)

    Location             Delay type                Incr(ns)  Path(ns)    Netlist Resource(s)
  -------------------------------------------------------------------    -------------------
    T8                                                0.000     0.000 r  cost[8] (IN)
                         net (fo=0)                   0.000     0.000    cost[8]
    T8                   IBUF (Prop_ibuf_I_O)         0.982     0.982 r  cost_IBUF[8]_inst/O
                         net (fo=1, routed)           5.021     6.004    cost_IBUF[8]
    SLICE_X1Y75          LUT6 (Prop_lut6_I0_O)        0.124     6.128 r  cat_OBUF[6]_inst_i_4/O
                         net (fo=7, routed)           0.776     6.904    digit[0]
    SLICE_X0Y73          LUT4 (Prop_lut4_I2_O)        0.124     7.028 r  cat_OBUF[1]_inst_i_1/O
                         net (fo=1, routed)           2.504     9.532    cat_OBUF[1]
    R10                  OBUF (Prop_obuf_I_O)         3.555    13.087 r  cat_OBUF[1]_inst/O
                         net (fo=0)                   0.000    13.087    cat[1]
    R10                                                               r  cat[1] (OUT)
  -------------------------------------------------------------------    -------------------

Slack:                    inf
  Source:                 cost[8]
                            (input port)
  Destination:            cat[5]
                            (output port)
  Path Group:             (none)
  Path Type:              Max at Slow Process Corner
  Data Path Delay:        12.884ns  (logic 5.025ns (39.001%)  route 7.859ns (60.999%))
  Logic Levels:           4  (IBUF=1 LUT4=1 LUT6=1 OBUF=1)

    Location             Delay type                Incr(ns)  Path(ns)    Netlist Resource(s)
  -------------------------------------------------------------------    -------------------
    T8                                                0.000     0.000 r  cost[8] (IN)
                         net (fo=0)                   0.000     0.000    cost[8]
    T8                   IBUF (Prop_ibuf_I_O)         0.982     0.982 r  cost_IBUF[8]_inst/O
                         net (fo=1, routed)           5.021     6.004    cost_IBUF[8]
    SLICE_X1Y75          LUT6 (Prop_lut6_I0_O)        0.124     6.128 r  cat_OBUF[6]_inst_i_4/O
                         net (fo=7, routed)           0.765     6.892    digit[0]
    SLICE_X0Y73          LUT4 (Prop_lut4_I1_O)        0.150     7.042 r  cat_OBUF[5]_inst_i_1/O
                         net (fo=1, routed)           2.072     9.115    cat_OBUF[5]
    T11                  OBUF (Prop_obuf_I_O)         3.769    12.884 r  cat_OBUF[5]_inst/O
                         net (fo=0)                   0.000    12.884    cat[5]
    T11                                                               r  cat[5] (OUT)
  -------------------------------------------------------------------    -------------------

Slack:                    inf
  Source:                 cost[8]
                            (input port)
  Destination:            cat[6]
                            (output port)
  Path Group:             (none)
  Path Type:              Max at Slow Process Corner
  Data Path Delay:        12.562ns  (logic 4.767ns (37.950%)  route 7.795ns (62.050%))
  Logic Levels:           4  (IBUF=1 LUT4=1 LUT6=1 OBUF=1)

    Location             Delay type                Incr(ns)  Path(ns)    Netlist Resource(s)
  -------------------------------------------------------------------    -------------------
    T8                                                0.000     0.000 r  cost[8] (IN)
                         net (fo=0)                   0.000     0.000    cost[8]
    T8                   IBUF (Prop_ibuf_I_O)         0.982     0.982 r  cost_IBUF[8]_inst/O
                         net (fo=1, routed)           5.021     6.004    cost_IBUF[8]
    SLICE_X1Y75          LUT6 (Prop_lut6_I0_O)        0.124     6.128 r  cat_OBUF[6]_inst_i_4/O
                         net (fo=7, routed)           0.858     6.985    digit[0]
    SLICE_X0Y81          LUT4 (Prop_lut4_I2_O)        0.124     7.109 r  cat_OBUF[6]_inst_i_1/O
                         net (fo=1, routed)           1.916     9.025    cat_OBUF[6]
    L18                  OBUF (Prop_obuf_I_O)         3.537    12.562 r  cat_OBUF[6]_inst/O
                         net (fo=0)                   0.000    12.562    cat[6]
    L18                                                               r  cat[6] (OUT)
  -------------------------------------------------------------------    -------------------

Slack:                    inf
  Source:                 cost[8]
                            (input port)
  Destination:            cat[4]
                            (output port)
  Path Group:             (none)
  Path Type:              Max at Slow Process Corner
  Data Path Delay:        12.224ns  (logic 4.764ns (38.970%)  route 7.460ns (61.030%))
  Logic Levels:           4  (IBUF=1 LUT4=1 LUT6=1 OBUF=1)

    Location             Delay type                Incr(ns)  Path(ns)    Netlist Resource(s)
  -------------------------------------------------------------------    -------------------
    T8                                                0.000     0.000 r  cost[8] (IN)
                         net (fo=0)                   0.000     0.000    cost[8]
    T8                   IBUF (Prop_ibuf_I_O)         0.982     0.982 r  cost_IBUF[8]_inst/O
                         net (fo=1, routed)           5.021     6.004    cost_IBUF[8]
    SLICE_X1Y75          LUT6 (Prop_lut6_I0_O)        0.124     6.128 r  cat_OBUF[6]_inst_i_4/O
                         net (fo=7, routed)           0.765     6.892    digit[0]
    SLICE_X0Y73          LUT4 (Prop_lut4_I0_O)        0.124     7.016 r  cat_OBUF[4]_inst_i_1/O
                         net (fo=1, routed)           1.674     8.690    cat_OBUF[4]
    P15                  OBUF (Prop_obuf_I_O)         3.534    12.224 r  cat_OBUF[4]_inst/O
                         net (fo=0)                   0.000    12.224    cat[4]
    P15                                                               r  cat[4] (OUT)
  -------------------------------------------------------------------    -------------------

Slack:                    inf
  Source:                 count_reg[14]/C
                            (rising edge-triggered cell FDRE)
  Destination:            an[6]
                            (output port)
  Path Group:             (none)
  Path Type:              Max at Slow Process Corner
  Data Path Delay:        10.369ns  (logic 4.330ns (41.752%)  route 6.040ns (58.248%))
  Logic Levels:           3  (FDRE=1 LUT3=1 OBUF=1)

    Location             Delay type                Incr(ns)  Path(ns)    Netlist Resource(s)
  -------------------------------------------------------------------    -------------------
    SLICE_X0Y78          FDRE                         0.000     0.000 r  count_reg[14]/C
    SLICE_X0Y78          FDRE (Prop_fdre_C_Q)         0.456     0.456 r  count_reg[14]/Q
                         net (fo=14, routed)          1.169     1.625    sel[0]
    SLICE_X0Y83          LUT3 (Prop_lut3_I2_O)        0.153     1.778 r  an_OBUF[6]_inst_i_1/O
                         net (fo=1, routed)           4.871     6.649    an_OBUF[6]
    K2                   OBUF (Prop_obuf_I_O)         3.721    10.369 r  an_OBUF[6]_inst/O
                         net (fo=0)                   0.000    10.369    an[6]
    K2                                                                r  an[6] (OUT)
  -------------------------------------------------------------------    -------------------

Slack:                    inf
  Source:                 count_reg[16]/C
                            (rising edge-triggered cell FDRE)
  Destination:            an[7]
                            (output port)
  Path Group:             (none)
  Path Type:              Max at Slow Process Corner
  Data Path Delay:        8.404ns  (logic 4.363ns (51.918%)  route 4.041ns (48.082%))
  Logic Levels:           3  (FDRE=1 LUT3=1 OBUF=1)

    Location             Delay type                Incr(ns)  Path(ns)    Netlist Resource(s)
  -------------------------------------------------------------------    -------------------
    SLICE_X0Y79          FDRE                         0.000     0.000 r  count_reg[16]/C
    SLICE_X0Y79          FDRE (Prop_fdre_C_Q)         0.456     0.456 f  count_reg[16]/Q
                         net (fo=14, routed)          1.615     2.071    sel[2]
    SLICE_X1Y73          LUT3 (Prop_lut3_I1_O)        0.152     2.223 r  an_OBUF[7]_inst_i_1/O
                         net (fo=1, routed)           2.426     4.649    an_OBUF[7]
    U13                  OBUF (Prop_obuf_I_O)         3.755     8.404 r  an_OBUF[7]_inst/O
                         net (fo=0)                   0.000     8.404    an[7]
    U13                                                               r  an[7] (OUT)
  -------------------------------------------------------------------    -------------------

Slack:                    inf
  Source:                 count_reg[14]/C
                            (rising edge-triggered cell FDRE)
  Destination:            an[2]
                            (output port)
  Path Group:             (none)
  Path Type:              Max at Slow Process Corner
  Data Path Delay:        8.032ns  (logic 4.154ns (51.721%)  route 3.878ns (48.279%))
  Logic Levels:           3  (FDRE=1 LUT3=1 OBUF=1)

    Location             Delay type                Incr(ns)  Path(ns)    Netlist Resource(s)
  -------------------------------------------------------------------    -------------------
    SLICE_X0Y78          FDRE                         0.000     0.000 r  count_reg[14]/C
    SLICE_X0Y78          FDRE (Prop_fdre_C_Q)         0.456     0.456 r  count_reg[14]/Q
                         net (fo=14, routed)          1.136     1.592    sel[0]
    SLICE_X0Y83          LUT3 (Prop_lut3_I0_O)        0.124     1.716 r  an_OBUF[2]_inst_i_1/O
                         net (fo=1, routed)           2.741     4.458    an_OBUF[2]
    T9                   OBUF (Prop_obuf_I_O)         3.574     8.032 r  an_OBUF[2]_inst/O
                         net (fo=0)                   0.000     8.032    an[2]
    T9                                                                r  an[2] (OUT)
  -------------------------------------------------------------------    -------------------





Min Delay Paths
--------------------------------------------------------------------------------------
Slack:                    inf
  Source:                 count_reg[10]/C
                            (rising edge-triggered cell FDRE)
  Destination:            count_reg[10]/D
  Path Group:             (none)
  Path Type:              Min at Fast Process Corner
  Data Path Delay:        0.385ns  (logic 0.252ns (65.529%)  route 0.133ns (34.471%))
  Logic Levels:           2  (CARRY4=1 FDRE=1)

    Location             Delay type                Incr(ns)  Path(ns)    Netlist Resource(s)
  -------------------------------------------------------------------    -------------------
    SLICE_X0Y77          FDRE                         0.000     0.000 r  count_reg[10]/C
    SLICE_X0Y77          FDRE (Prop_fdre_C_Q)         0.141     0.141 r  count_reg[10]/Q
                         net (fo=2, routed)           0.133     0.274    count_reg_n_0_[10]
    SLICE_X0Y77          CARRY4 (Prop_carry4_S[2]_O[2])
                                                      0.111     0.385 r  count_reg[8]_i_1/O[2]
                         net (fo=1, routed)           0.000     0.385    count_reg[8]_i_1_n_5
    SLICE_X0Y77          FDRE                                         r  count_reg[10]/D
  -------------------------------------------------------------------    -------------------

Slack:                    inf
  Source:                 count_reg[6]/C
                            (rising edge-triggered cell FDRE)
  Destination:            count_reg[6]/D
  Path Group:             (none)
  Path Type:              Min at Fast Process Corner
  Data Path Delay:        0.385ns  (logic 0.252ns (65.529%)  route 0.133ns (34.471%))
  Logic Levels:           2  (CARRY4=1 FDRE=1)

    Location             Delay type                Incr(ns)  Path(ns)    Netlist Resource(s)
  -------------------------------------------------------------------    -------------------
    SLICE_X0Y76          FDRE                         0.000     0.000 r  count_reg[6]/C
    SLICE_X0Y76          FDRE (Prop_fdre_C_Q)         0.141     0.141 r  count_reg[6]/Q
                         net (fo=2, routed)           0.133     0.274    count_reg_n_0_[6]
    SLICE_X0Y76          CARRY4 (Prop_carry4_S[2]_O[2])
                                                      0.111     0.385 r  count_reg[4]_i_1/O[2]
                         net (fo=1, routed)           0.000     0.385    count_reg[4]_i_1_n_5
    SLICE_X0Y76          FDRE                                         r  count_reg[6]/D
  -------------------------------------------------------------------    -------------------

Slack:                    inf
  Source:                 count_reg[2]/C
                            (rising edge-triggered cell FDRE)
  Destination:            count_reg[2]/D
  Path Group:             (none)
  Path Type:              Min at Fast Process Corner
  Data Path Delay:        0.386ns  (logic 0.252ns (65.354%)  route 0.134ns (34.646%))
  Logic Levels:           2  (CARRY4=1 FDRE=1)

    Location             Delay type                Incr(ns)  Path(ns)    Netlist Resource(s)
  -------------------------------------------------------------------    -------------------
    SLICE_X0Y75          FDRE                         0.000     0.000 r  count_reg[2]/C
    SLICE_X0Y75          FDRE (Prop_fdre_C_Q)         0.141     0.141 r  count_reg[2]/Q
                         net (fo=2, routed)           0.134     0.275    count_reg_n_0_[2]
    SLICE_X0Y75          CARRY4 (Prop_carry4_S[2]_O[2])
                                                      0.111     0.386 r  count_reg[0]_i_2/O[2]
                         net (fo=1, routed)           0.000     0.386    count_reg[0]_i_2_n_5
    SLICE_X0Y75          FDRE                                         r  count_reg[2]/D
  -------------------------------------------------------------------    -------------------

Slack:                    inf
  Source:                 count_reg[14]/C
                            (rising edge-triggered cell FDRE)
  Destination:            count_reg[14]/D
  Path Group:             (none)
  Path Type:              Min at Fast Process Corner
  Data Path Delay:        0.398ns  (logic 0.252ns (63.360%)  route 0.146ns (36.640%))
  Logic Levels:           2  (CARRY4=1 FDRE=1)

    Location             Delay type                Incr(ns)  Path(ns)    Netlist Resource(s)
  -------------------------------------------------------------------    -------------------
    SLICE_X0Y78          FDRE                         0.000     0.000 r  count_reg[14]/C
    SLICE_X0Y78          FDRE (Prop_fdre_C_Q)         0.141     0.141 r  count_reg[14]/Q
                         net (fo=14, routed)          0.146     0.287    sel[0]
    SLICE_X0Y78          CARRY4 (Prop_carry4_S[2]_O[2])
                                                      0.111     0.398 r  count_reg[12]_i_1/O[2]
                         net (fo=1, routed)           0.000     0.398    count_reg[12]_i_1_n_5
    SLICE_X0Y78          FDRE                                         r  count_reg[14]/D
  -------------------------------------------------------------------    -------------------

Slack:                    inf
  Source:                 count_reg[10]/C
                            (rising edge-triggered cell FDRE)
  Destination:            count_reg[11]/D
  Path Group:             (none)
  Path Type:              Min at Fast Process Corner
  Data Path Delay:        0.418ns  (logic 0.285ns (68.253%)  route 0.133ns (31.747%))
  Logic Levels:           2  (CARRY4=1 FDRE=1)

    Location             Delay type                Incr(ns)  Path(ns)    Netlist Resource(s)
  -------------------------------------------------------------------    -------------------
    SLICE_X0Y77          FDRE                         0.000     0.000 r  count_reg[10]/C
    SLICE_X0Y77          FDRE (Prop_fdre_C_Q)         0.141     0.141 r  count_reg[10]/Q
                         net (fo=2, routed)           0.133     0.274    count_reg_n_0_[10]
    SLICE_X0Y77          CARRY4 (Prop_carry4_S[2]_O[3])
                                                      0.144     0.418 r  count_reg[8]_i_1/O[3]
                         net (fo=1, routed)           0.000     0.418    count_reg[8]_i_1_n_4
    SLICE_X0Y77          FDRE                                         r  count_reg[11]/D
  -------------------------------------------------------------------    -------------------

Slack:                    inf
  Source:                 count_reg[6]/C
                            (rising edge-triggered cell FDRE)
  Destination:            count_reg[7]/D
  Path Group:             (none)
  Path Type:              Min at Fast Process Corner
  Data Path Delay:        0.418ns  (logic 0.285ns (68.253%)  route 0.133ns (31.747%))
  Logic Levels:           2  (CARRY4=1 FDRE=1)

    Location             Delay type                Incr(ns)  Path(ns)    Netlist Resource(s)
  -------------------------------------------------------------------    -------------------
    SLICE_X0Y76          FDRE                         0.000     0.000 r  count_reg[6]/C
    SLICE_X0Y76          FDRE (Prop_fdre_C_Q)         0.141     0.141 r  count_reg[6]/Q
                         net (fo=2, routed)           0.133     0.274    count_reg_n_0_[6]
    SLICE_X0Y76          CARRY4 (Prop_carry4_S[2]_O[3])
                                                      0.144     0.418 r  count_reg[4]_i_1/O[3]
                         net (fo=1, routed)           0.000     0.418    count_reg[4]_i_1_n_4
    SLICE_X0Y76          FDRE                                         r  count_reg[7]/D
  -------------------------------------------------------------------    -------------------

Slack:                    inf
  Source:                 count_reg[2]/C
                            (rising edge-triggered cell FDRE)
  Destination:            count_reg[3]/D
  Path Group:             (none)
  Path Type:              Min at Fast Process Corner
  Data Path Delay:        0.419ns  (logic 0.285ns (68.085%)  route 0.134ns (31.915%))
  Logic Levels:           2  (CARRY4=1 FDRE=1)

    Location             Delay type                Incr(ns)  Path(ns)    Netlist Resource(s)
  -------------------------------------------------------------------    -------------------
    SLICE_X0Y75          FDRE                         0.000     0.000 r  count_reg[2]/C
    SLICE_X0Y75          FDRE (Prop_fdre_C_Q)         0.141     0.141 r  count_reg[2]/Q
                         net (fo=2, routed)           0.134     0.275    count_reg_n_0_[2]
    SLICE_X0Y75          CARRY4 (Prop_carry4_S[2]_O[3])
                                                      0.144     0.419 r  count_reg[0]_i_2/O[3]
                         net (fo=1, routed)           0.000     0.419    count_reg[0]_i_2_n_4
    SLICE_X0Y75          FDRE                                         r  count_reg[3]/D
  -------------------------------------------------------------------    -------------------

Slack:                    inf
  Source:                 count_reg[14]/C
                            (rising edge-triggered cell FDRE)
  Destination:            count_reg[15]/D
  Path Group:             (none)
  Path Type:              Min at Fast Process Corner
  Data Path Delay:        0.431ns  (logic 0.285ns (66.167%)  route 0.146ns (33.833%))
  Logic Levels:           2  (CARRY4=1 FDRE=1)

    Location             Delay type                Incr(ns)  Path(ns)    Netlist Resource(s)
  -------------------------------------------------------------------    -------------------
    SLICE_X0Y78          FDRE                         0.000     0.000 r  count_reg[14]/C
    SLICE_X0Y78          FDRE (Prop_fdre_C_Q)         0.141     0.141 r  count_reg[14]/Q
                         net (fo=14, routed)          0.146     0.287    sel[0]
    SLICE_X0Y78          CARRY4 (Prop_carry4_S[2]_O[3])
                                                      0.144     0.431 r  count_reg[12]_i_1/O[3]
                         net (fo=1, routed)           0.000     0.431    count_reg[12]_i_1_n_4
    SLICE_X0Y78          FDRE                                         r  count_reg[15]/D
  -------------------------------------------------------------------    -------------------

Slack:                    inf
  Source:                 count_reg[1]/C
                            (rising edge-triggered cell FDRE)
  Destination:            count_reg[1]/D
  Path Group:             (none)
  Path Type:              Min at Fast Process Corner
  Data Path Delay:        0.434ns  (logic 0.251ns (57.870%)  route 0.183ns (42.130%))
  Logic Levels:           2  (CARRY4=1 FDRE=1)

    Location             Delay type                Incr(ns)  Path(ns)    Netlist Resource(s)
  -------------------------------------------------------------------    -------------------
    SLICE_X0Y75          FDRE                         0.000     0.000 r  count_reg[1]/C
    SLICE_X0Y75          FDRE (Prop_fdre_C_Q)         0.141     0.141 r  count_reg[1]/Q
                         net (fo=2, routed)           0.183     0.324    count_reg_n_0_[1]
    SLICE_X0Y75          CARRY4 (Prop_carry4_S[1]_O[1])
                                                      0.110     0.434 r  count_reg[0]_i_2/O[1]
                         net (fo=1, routed)           0.000     0.434    count_reg[0]_i_2_n_6
    SLICE_X0Y75          FDRE                                         r  count_reg[1]/D
  -------------------------------------------------------------------    -------------------

Slack:                    inf
  Source:                 count_reg[0]/C
                            (rising edge-triggered cell FDRE)
  Destination:            count_reg[0]/D
  Path Group:             (none)
  Path Type:              Min at Fast Process Corner
  Data Path Delay:        0.441ns  (logic 0.256ns (58.085%)  route 0.185ns (41.915%))
  Logic Levels:           3  (CARRY4=1 FDRE=1 LUT1=1)

    Location             Delay type                Incr(ns)  Path(ns)    Netlist Resource(s)
  -------------------------------------------------------------------    -------------------
    SLICE_X0Y75          FDRE                         0.000     0.000 r  count_reg[0]/C
    SLICE_X0Y75          FDRE (Prop_fdre_C_Q)         0.141     0.141 f  count_reg[0]/Q
                         net (fo=2, routed)           0.185     0.326    count_reg_n_0_[0]
    SLICE_X0Y75          LUT1 (Prop_lut1_I0_O)        0.045     0.371 r  count[0]_i_6/O
                         net (fo=1, routed)           0.000     0.371    count[0]_i_6_n_0
    SLICE_X0Y75          CARRY4 (Prop_carry4_S[0]_O[0])
                                                      0.070     0.441 r  count_reg[0]_i_2/O[0]
                         net (fo=1, routed)           0.000     0.441    count_reg[0]_i_2_n_7
    SLICE_X0Y75          FDRE                                         r  count_reg[0]/D
  -------------------------------------------------------------------    -------------------





