#-----------------------------------------------------------
# Vivado v2018.3 (64-bit)
# SW Build 2405991 on Thu Dec  6 23:38:27 MST 2018
# IP Build 2404404 on Fri Dec  7 01:43:56 MST 2018
# Start of session at: Tue Jun  4 16:13:13 2024
# Process ID: 4052
# Current directory: D:/project/automat_bilete_tren
# Command line: vivado.exe -gui_launcher_event rodinguilauncherevent14264 D:\project\automat_bilete_tren\automat_bilete_tren.xpr
# Log file: D:/project/automat_bilete_tren/vivado.log
# Journal file: D:/project/automat_bilete_tren\vivado.jou
#-----------------------------------------------------------
start_gui
open_project D:/project/automat_bilete_tren/automat_bilete_tren.xpr
INFO: [Project 1-313] Project file moved from 'E:/project/automat_bilete_tren' since last save.
ERROR: [Project 1-208] No val for DA Elab Attr
ERROR: [Runs 36-378] The checkpoint 'D:/project/automat_bilete_tren/automat_bilete_tren.srcs/utils_1/imports/synth_1/automat_bilete_tren.dcp' was created with 'Vivado v2023.2 (64-bit)', and cannot be opened in this version.
open_project D:/project/automat_bilete_tren/automat_bilete_tren.xpr
INFO: [Project 1-313] Project file moved from 'E:/project/automat_bilete_tren' since last save.
ERROR: [Project 1-208] No val for DA Elab Attr
ERROR: [Runs 36-378] The checkpoint 'D:/project/automat_bilete_tren/automat_bilete_tren.srcs/utils_1/imports/synth_1/automat_bilete_tren.dcp' was created with 'Vivado v2023.2 (64-bit)', and cannot be opened in this version.
