#-----------------------------------------------------------
# Vivado v2016.4 (64-bit)
# SW Build 1756540 on Mon Jan 23 19:11:23 MST 2017
# IP Build 1755317 on Mon Jan 23 20:30:07 MST 2017
# Start of session at: Tue Jun 04 16:00:42 2024
# Process ID: 5540
# Current directory: E:/project/automat_bilete_tren
# Command line: vivado.exe -gui_launcher_event rodinguilauncherevent8256 E:\project\automat_bilete_tren\automat_bilete_tren.xpr
# Log file: E:/project/automat_bilete_tren/vivado.log
# Journal file: E:/project/automat_bilete_tren\vivado.jou
#-----------------------------------------------------------
start_gui
open_project E:/project/automat_bilete_tren/automat_bilete_tren.xpr
ERROR: [Project 1-208] No val for DA Elab Attr
Scanning sources...
ERROR: [Common 17-70] Application Exception: SrcMgr::createSS : type not set
open_project E:/project/automat_bilete_tren/automat_bilete_tren.xpr
ERROR: [Project 1-208] No val for DA Elab Attr
Scanning sources...
ERROR: [Common 17-70] Application Exception: SrcMgr::createSS : type not set
open_project D:/bocaAlina/colocviuAlinaBoca/colocviuAlinaBoca.xpr
Scanning sources...
Finished scanning sources
INFO: [IP_Flow 19-234] Refreshing IP repositories
INFO: [IP_Flow 19-1704] No user IP repositories specified
INFO: [Common 17-41] Interrupt caught. Command should exit soon.
INFO: [IP_Flow 19-2313] Loaded Vivado IP repository 'C:/Xilinx/Vivado/2016.4/data/ip'.
INFO: [IP_Flow 19-2338] Canceling the changes to the IP catalog. Reverting the catalog back to its previous state.
INFO: [IP_Flow 19-2340] The IP catalog has been returned to its previous state.
INFO: [Common 17-344] 'open_project' was cancelled
exit
INFO: [Common 17-206] Exiting Vivado at Tue Jun 04 16:04:08 2024...
